<?xml version="1.0" encoding="UTF-8"?>
<!-- Generated by org.testng.reporters.JUnitReportReporter -->
<testsuite skipped="0" hostname="DESKTOP-17L4VUB" name="org.test.JavaMaen" tests="1" failures="0" timestamp="02 Jul 2022 13:56:59 GMT" time="0.015" errors="0">
  <testcase name="nagu" time="0.015" classname="org.test.JavaMaen"/>
</testsuite> <!-- org.test.JavaMaen -->
