<?xml version="1.0" encoding="UTF-8"?>
<!-- Generated by org.testng.reporters.JUnitReportReporter -->
<testsuite skipped="0" hostname="DESKTOP-17L4VUB" name="org.test.Testng" tests="6" failures="0" timestamp="02 Jul 2022 13:56:59 GMT" time="0.000" errors="0">
  <testcase name="naveen" time="0.000" classname="org.test.Testng"/>
  <testcase name="prakash" time="0.000" classname="org.test.Testng"/>
  <testcase name="hari" time="0.000" classname="org.test.Testng"/>
  <testcase name="sasi" time="0.000" classname="org.test.Testng"/>
  <testcase name="hema" time="0.000" classname="org.test.Testng"/>
  <testcase name="hema" time="0.000" classname="org.test.Testng"/>
</testsuite> <!-- org.test.Testng -->
